<?xml version="1.0" encoding="UTF-8"?>
<testsuite name="cl.acqui.springcloud.eurekaserver.EurekaServerApplicationTests" tests="3" skipped="0" failures="0" errors="0" timestamp="2022-10-07T01:52:17" hostname="acqui" time="1.039">
  <properties/>
  <testcase name="catalogLoads()" classname="cl.acqui.springcloud.eurekaserver.EurekaServerApplicationTests" time="0.96"/>
  <testcase name="healthy()" classname="cl.acqui.springcloud.eurekaserver.EurekaServerApplicationTests" time="0.074"/>
  <testcase name="contextLoads()" classname="cl.acqui.springcloud.eurekaserver.EurekaServerApplicationTests" time="0.003"/>
  <system-out><![CDATA[22:52:10.494 [Test worker] DEBUG org.springframework.test.context.BootstrapUtils - Instantiating CacheAwareContextLoaderDelegate from class [org.springframework.test.context.cache.DefaultCacheAwareContextLoaderDelegate]
22:52:10.506 [Test worker] DEBUG org.springframework.test.context.BootstrapUtils - Instantiating BootstrapContext using constructor [public org.springframework.test.context.support.DefaultBootstrapContext(java.lang.Class,org.springframework.test.context.CacheAwareContextLoaderDelegate)]
22:52:10.541 [Test worker] DEBUG org.springframework.test.context.BootstrapUtils - Instantiating TestContextBootstrapper for test class [cl.acqui.springcloud.eurekaserver.EurekaServerApplicationTests] from class [org.springframework.boot.test.context.SpringBootTestContextBootstrapper]
22:52:10.552 [Test worker] INFO org.springframework.boot.test.context.SpringBootTestContextBootstrapper - Neither @ContextConfiguration nor @ContextHierarchy found for test class [cl.acqui.springcloud.eurekaserver.EurekaServerApplicationTests], using SpringBootContextLoader
22:52:10.556 [Test worker] DEBUG org.springframework.test.context.support.AbstractContextLoader - Did not detect default resource location for test class [cl.acqui.springcloud.eurekaserver.EurekaServerApplicationTests]: class path resource [cl/acqui/springcloud/eurekaserver/EurekaServerApplicationTests-context.xml] does not exist
22:52:10.557 [Test worker] DEBUG org.springframework.test.context.support.AbstractContextLoader - Did not detect default resource location for test class [cl.acqui.springcloud.eurekaserver.EurekaServerApplicationTests]: class path resource [cl/acqui/springcloud/eurekaserver/EurekaServerApplicationTestsContext.groovy] does not exist
22:52:10.557 [Test worker] INFO org.springframework.test.context.support.AbstractContextLoader - Could not detect default resource locations for test class [cl.acqui.springcloud.eurekaserver.EurekaServerApplicationTests]: no resource found for suffixes {-context.xml, Context.groovy}.
22:52:10.558 [Test worker] INFO org.springframework.test.context.support.AnnotationConfigContextLoaderUtils - Could not detect default configuration classes for test class [cl.acqui.springcloud.eurekaserver.EurekaServerApplicationTests]: EurekaServerApplicationTests does not declare any static, non-private, non-final, nested classes annotated with @Configuration.
22:52:10.608 [Test worker] DEBUG org.springframework.test.context.support.ActiveProfilesUtils - Could not find an 'annotation declaring class' for annotation type [org.springframework.test.context.ActiveProfiles] and class [cl.acqui.springcloud.eurekaserver.EurekaServerApplicationTests]
22:52:10.662 [Test worker] DEBUG org.springframework.context.annotation.ClassPathScanningCandidateComponentProvider - Identified candidate component class: file [/home/loopcifer/workspace/spring-workspace/acqui-microservices/acqui-microservices/spring-cloud/eureka-server/build/classes/java/main/cl/acqui/springcloud/eurekaserver/EurekaServerApplication.class]
22:52:10.663 [Test worker] INFO org.springframework.boot.test.context.SpringBootTestContextBootstrapper - Found @SpringBootConfiguration cl.acqui.springcloud.eurekaserver.EurekaServerApplication for test class cl.acqui.springcloud.eurekaserver.EurekaServerApplicationTests
22:52:10.779 [Test worker] DEBUG org.springframework.boot.test.context.SpringBootTestContextBootstrapper - @TestExecutionListeners is not present for class [cl.acqui.springcloud.eurekaserver.EurekaServerApplicationTests]: using defaults.
22:52:10.780 [Test worker] INFO org.springframework.boot.test.context.SpringBootTestContextBootstrapper - Loaded default TestExecutionListener class names from location [META-INF/spring.factories]: [org.springframework.boot.test.autoconfigure.restdocs.RestDocsTestExecutionListener, org.springframework.boot.test.autoconfigure.web.client.MockRestServiceServerResetTestExecutionListener, org.springframework.boot.test.autoconfigure.web.servlet.MockMvcPrintOnlyOnFailureTestExecutionListener, org.springframework.boot.test.autoconfigure.web.servlet.WebDriverTestExecutionListener, org.springframework.boot.test.autoconfigure.webservices.client.MockWebServiceServerTestExecutionListener, org.springframework.boot.test.mock.mockito.MockitoTestExecutionListener, org.springframework.boot.test.mock.mockito.ResetMocksTestExecutionListener, org.springframework.test.context.web.ServletTestExecutionListener, org.springframework.test.context.support.DirtiesContextBeforeModesTestExecutionListener, org.springframework.test.context.event.ApplicationEventsTestExecutionListener, org.springframework.test.context.support.DependencyInjectionTestExecutionListener, org.springframework.test.context.support.DirtiesContextTestExecutionListener, org.springframework.test.context.transaction.TransactionalTestExecutionListener, org.springframework.test.context.jdbc.SqlScriptsTestExecutionListener, org.springframework.test.context.event.EventPublishingTestExecutionListener]
22:52:10.789 [Test worker] DEBUG org.springframework.boot.test.context.SpringBootTestContextBootstrapper - Skipping candidate TestExecutionListener [org.springframework.test.context.transaction.TransactionalTestExecutionListener] due to a missing dependency. Specify custom listener classes or make the default listener classes and their required dependencies available. Offending class: [org/springframework/transaction/interceptor/TransactionAttributeSource]
22:52:10.790 [Test worker] DEBUG org.springframework.boot.test.context.SpringBootTestContextBootstrapper - Skipping candidate TestExecutionListener [org.springframework.test.context.jdbc.SqlScriptsTestExecutionListener] due to a missing dependency. Specify custom listener classes or make the default listener classes and their required dependencies available. Offending class: [org/springframework/transaction/interceptor/TransactionAttribute]
22:52:10.791 [Test worker] INFO org.springframework.boot.test.context.SpringBootTestContextBootstrapper - Using TestExecutionListeners: [org.springframework.test.context.web.ServletTestExecutionListener@63db713e, org.springframework.test.context.support.DirtiesContextBeforeModesTestExecutionListener@161a2647, org.springframework.test.context.event.ApplicationEventsTestExecutionListener@44025a7e, org.springframework.boot.test.mock.mockito.MockitoTestExecutionListener@7870988c, org.springframework.boot.test.autoconfigure.SpringBootDependencyInjectionTestExecutionListener@401a543d, org.springframework.test.context.support.DirtiesContextTestExecutionListener@7757a67, org.springframework.test.context.event.EventPublishingTestExecutionListener@5172115d, org.springframework.boot.test.autoconfigure.restdocs.RestDocsTestExecutionListener@2dba5707, org.springframework.boot.test.autoconfigure.web.client.MockRestServiceServerResetTestExecutionListener@3f135531, org.springframework.boot.test.autoconfigure.web.servlet.MockMvcPrintOnlyOnFailureTestExecutionListener@1399b6f6, org.springframework.boot.test.autoconfigure.web.servlet.WebDriverTestExecutionListener@52a0b521, org.springframework.boot.test.autoconfigure.webservices.client.MockWebServiceServerTestExecutionListener@2d5dc21d, org.springframework.boot.test.mock.mockito.ResetMocksTestExecutionListener@842a05a]
22:52:10.794 [Test worker] DEBUG org.springframework.test.context.support.AbstractDirtiesContextTestExecutionListener - Before test class: context [DefaultTestContext@45058efb testClass = EurekaServerApplicationTests, testInstance = [null], testMethod = [null], testException = [null], mergedContextConfiguration = [WebMergedContextConfiguration@481527ec testClass = EurekaServerApplicationTests, locations = '{}', classes = '{class cl.acqui.springcloud.eurekaserver.EurekaServerApplication}', contextInitializerClasses = '[]', activeProfiles = '{}', propertySourceLocations = '{}', propertySourceProperties = '{org.springframework.boot.test.context.SpringBootTestContextBootstrapper=true, server.port=0}', contextCustomizers = set[org.springframework.boot.test.autoconfigure.actuate.metrics.MetricsExportContextCustomizerFactory$DisableMetricExportContextCustomizer@4a7bc278, org.springframework.boot.test.autoconfigure.properties.PropertyMappingContextCustomizer@0, org.springframework.boot.test.autoconfigure.web.servlet.WebDriverContextCustomizerFactory$Customizer@320be24f, org.springframework.boot.test.context.filter.ExcludeFilterContextCustomizer@67a021b6, org.springframework.boot.test.json.DuplicateJsonObjectContextCustomizerFactory$DuplicateJsonObjectContextCustomizer@793c8ec9, org.springframework.boot.test.mock.mockito.MockitoContextCustomizer@0, org.springframework.boot.test.web.client.TestRestTemplateContextCustomizer@1542939d, org.springframework.boot.test.context.SpringBootTestArgs@1, org.springframework.boot.test.context.SpringBootTestWebEnvironment@1d469319], resourceBasePath = 'src/main/webapp', contextLoader = 'org.springframework.boot.test.context.SpringBootContextLoader', parent = [null]], attributes = map['org.springframework.test.context.web.ServletTestExecutionListener.activateListener' -> false]], class annotated with @DirtiesContext [false] with mode [null].
22:52:10.807 [Test worker] DEBUG org.springframework.test.context.support.DependencyInjectionTestExecutionListener - Performing dependency injection for test context [[DefaultTestContext@45058efb testClass = EurekaServerApplicationTests, testInstance = cl.acqui.springcloud.eurekaserver.EurekaServerApplicationTests@4fbc9cf3, testMethod = [null], testException = [null], mergedContextConfiguration = [WebMergedContextConfiguration@481527ec testClass = EurekaServerApplicationTests, locations = '{}', classes = '{class cl.acqui.springcloud.eurekaserver.EurekaServerApplication}', contextInitializerClasses = '[]', activeProfiles = '{}', propertySourceLocations = '{}', propertySourceProperties = '{org.springframework.boot.test.context.SpringBootTestContextBootstrapper=true, server.port=0}', contextCustomizers = set[org.springframework.boot.test.autoconfigure.actuate.metrics.MetricsExportContextCustomizerFactory$DisableMetricExportContextCustomizer@4a7bc278, org.springframework.boot.test.autoconfigure.properties.PropertyMappingContextCustomizer@0, org.springframework.boot.test.autoconfigure.web.servlet.WebDriverContextCustomizerFactory$Customizer@320be24f, org.springframework.boot.test.context.filter.ExcludeFilterContextCustomizer@67a021b6, org.springframework.boot.test.json.DuplicateJsonObjectContextCustomizerFactory$DuplicateJsonObjectContextCustomizer@793c8ec9, org.springframework.boot.test.mock.mockito.MockitoContextCustomizer@0, org.springframework.boot.test.web.client.TestRestTemplateContextCustomizer@1542939d, org.springframework.boot.test.context.SpringBootTestArgs@1, org.springframework.boot.test.context.SpringBootTestWebEnvironment@1d469319], resourceBasePath = 'src/main/webapp', contextLoader = 'org.springframework.boot.test.context.SpringBootContextLoader', parent = [null]], attributes = map['org.springframework.test.context.web.ServletTestExecutionListener.activateListener' -> false, 'org.springframework.test.context.event.ApplicationEventsTestExecutionListener.recordApplicationEvents' -> false]]].
22:52:10.832 [Test worker] DEBUG org.springframework.test.context.support.TestPropertySourceUtils - Adding inlined properties to environment: {spring.jmx.enabled=false, org.springframework.boot.test.context.SpringBootTestContextBootstrapper=true, server.port=0}

  .   ____          _            __ _ _
 /\\ / ___'_ __ _ _(_)_ __  __ _ \ \ \ \
( ( )\___ | '_ | '_| | '_ \/ _` | \ \ \ \
 \\/  ___)| |_)| | | | | || (_| |  ) ) ) )
  '  |____| .__|_| |_|_| |_\__, | / / / /
 =========|_|==============|___/=/_/_/_/
 :: Spring Boot ::                (v2.5.2)

2022-10-06 22:52:11.355  INFO 14015 --- [    Test worker] c.a.s.e.EurekaServerApplicationTests     : Starting EurekaServerApplicationTests using Java 11.0.16 on acqui with PID 14015 (started by root in /home/loopcifer/workspace/spring-workspace/acqui-microservices/acqui-microservices/spring-cloud/eureka-server)
2022-10-06 22:52:11.361  INFO 14015 --- [    Test worker] c.a.s.e.EurekaServerApplicationTests     : No active profile set, falling back to default profiles: default
2022-10-06 22:52:12.793  INFO 14015 --- [    Test worker] o.s.cloud.context.scope.GenericScope     : BeanFactory id=1739cb40-64b1-35e7-858f-b95f0e865378
2022-10-06 22:52:13.315  INFO 14015 --- [    Test worker] o.s.b.w.embedded.tomcat.TomcatWebServer  : Tomcat initialized with port(s): 0 (http)
2022-10-06 22:52:13.329  INFO 14015 --- [    Test worker] o.apache.catalina.core.StandardService   : Starting service [Tomcat]
2022-10-06 22:52:13.329  INFO 14015 --- [    Test worker] org.apache.catalina.core.StandardEngine  : Starting Servlet engine: [Apache Tomcat/9.0.48]
2022-10-06 22:52:13.454  INFO 14015 --- [    Test worker] o.a.c.c.C.[Tomcat].[localhost].[/]       : Initializing Spring embedded WebApplicationContext
2022-10-06 22:52:13.456  INFO 14015 --- [    Test worker] w.s.c.ServletWebServerApplicationContext : Root WebApplicationContext: initialization completed in 2057 ms
2022-10-06 22:52:14.141  INFO 14015 --- [    Test worker] c.s.j.s.i.a.WebApplicationImpl           : Initiating Jersey application, version 'Jersey: 1.19.4 05/24/2017 03:20 PM'
2022-10-06 22:52:14.198  INFO 14015 --- [    Test worker] c.n.d.provider.DiscoveryJerseyProvider   : Using JSON encoding codec LegacyJacksonJson
2022-10-06 22:52:14.200  INFO 14015 --- [    Test worker] c.n.d.provider.DiscoveryJerseyProvider   : Using JSON decoding codec LegacyJacksonJson
2022-10-06 22:52:14.377  INFO 14015 --- [    Test worker] c.n.d.provider.DiscoveryJerseyProvider   : Using XML encoding codec XStreamXml
2022-10-06 22:52:14.377  INFO 14015 --- [    Test worker] c.n.d.provider.DiscoveryJerseyProvider   : Using XML decoding codec XStreamXml
2022-10-06 22:52:16.075  INFO 14015 --- [    Test worker] DiscoveryClientOptionalArgsConfiguration : Eureka HTTP Client uses Jersey
2022-10-06 22:52:16.193  WARN 14015 --- [    Test worker] iguration$LoadBalancerCaffeineWarnLogger : Spring Cloud LoadBalancer is currently working with the default cache. You can switch to using Caffeine cache, by adding it and org.springframework.cache.caffeine.CaffeineCacheManager to the classpath.
2022-10-06 22:52:16.219  INFO 14015 --- [    Test worker] o.s.c.n.eureka.InstanceInfoFactory       : Setting initial instance status as: STARTING
2022-10-06 22:52:16.251  INFO 14015 --- [    Test worker] com.netflix.discovery.DiscoveryClient    : Initializing Eureka in region us-east-1
2022-10-06 22:52:16.251  INFO 14015 --- [    Test worker] com.netflix.discovery.DiscoveryClient    : Client configured to neither register nor query for data.
2022-10-06 22:52:16.261  INFO 14015 --- [    Test worker] com.netflix.discovery.DiscoveryClient    : Discovery Client initialized at timestamp 1665107536260 with initial instances count: 0
2022-10-06 22:52:16.325  INFO 14015 --- [    Test worker] c.n.eureka.DefaultEurekaServerContext    : Initializing ...
2022-10-06 22:52:16.328  WARN 14015 --- [    Test worker] c.n.eureka.cluster.PeerEurekaNodes       : The replica size seems to be empty. Check the route 53 DNS Registry
2022-10-06 22:52:16.400  INFO 14015 --- [    Test worker] c.n.e.registry.AbstractInstanceRegistry  : Finished initializing remote region registries. All known remote regions: []
2022-10-06 22:52:16.402  INFO 14015 --- [    Test worker] c.n.eureka.DefaultEurekaServerContext    : Initialized
2022-10-06 22:52:16.414  INFO 14015 --- [    Test worker] o.s.b.a.e.web.EndpointLinksResolver      : Exposing 16 endpoint(s) beneath base path '/actuator'
2022-10-06 22:52:16.709  INFO 14015 --- [      Thread-12] o.s.c.n.e.server.EurekaServerBootstrap   : Setting the eureka configuration..
2022-10-06 22:52:16.735  INFO 14015 --- [      Thread-12] o.s.c.n.e.server.EurekaServerBootstrap   : isAws returned false
2022-10-06 22:52:16.735  INFO 14015 --- [      Thread-12] o.s.c.n.e.server.EurekaServerBootstrap   : Initialized server context
2022-10-06 22:52:16.736  INFO 14015 --- [      Thread-12] c.n.e.r.PeerAwareInstanceRegistryImpl    : Got 1 instances from neighboring DS node
2022-10-06 22:52:16.736  INFO 14015 --- [      Thread-12] c.n.e.r.PeerAwareInstanceRegistryImpl    : Renew threshold is: 1
2022-10-06 22:52:16.736  INFO 14015 --- [      Thread-12] c.n.e.r.PeerAwareInstanceRegistryImpl    : Changing status to UP
2022-10-06 22:52:16.756  INFO 14015 --- [      Thread-12] e.s.EurekaServerInitializerConfiguration : Started Eureka Server
2022-10-06 22:52:16.778  INFO 14015 --- [    Test worker] o.s.b.w.embedded.tomcat.TomcatWebServer  : Tomcat started on port(s): 44187 (http) with context path ''
2022-10-06 22:52:16.778  INFO 14015 --- [    Test worker] .s.c.n.e.s.EurekaAutoServiceRegistration : Updating port to 44187
2022-10-06 22:52:16.779  INFO 14015 --- [    Test worker] o.s.c.n.e.s.EurekaServiceRegistry        : Registering application UNKNOWN with eureka with status UP
2022-10-06 22:52:17.170  INFO 14015 --- [    Test worker] c.a.s.e.EurekaServerApplicationTests     : Started EurekaServerApplicationTests in 6.335 seconds (JVM running for 7.488)
2022-10-06 22:52:17.667  INFO 14015 --- [o-auto-1-exec-1] o.a.c.c.C.[Tomcat].[localhost].[/]       : Initializing Spring DispatcherServlet 'dispatcherServlet'
2022-10-06 22:52:17.668  INFO 14015 --- [o-auto-1-exec-1] o.s.web.servlet.DispatcherServlet        : Initializing Servlet 'dispatcherServlet'
2022-10-06 22:52:17.671  INFO 14015 --- [o-auto-1-exec-1] o.s.web.servlet.DispatcherServlet        : Completed initialization in 1 ms
]]></system-out>
  <system-err><![CDATA[]]></system-err>
</testsuite>
